<?xml version="1.0" encoding="UTF-8"?>
<testsuite xmlns:xsi="http://www.w3.org/2001/XMLSchema-instance" xsi:noNamespaceSchemaLocation="https://maven.apache.org/surefire/maven-surefire-plugin/xsd/surefire-test-report-3.0.xsd" version="3.0" name="ApplicationTest" time="2.422" tests="1" errors="0" skipped="0" failures="0">
  <properties>
    <property name="java.specification.version" value="21"/>
    <property name="sun.cpu.isalist" value="amd64"/>
    <property name="sun.jnu.encoding" value="Cp1252"/>
    <property name="java.class.path" value="C:\Users\abishekprabhu.kannan\OneDrive - HCL TECHNOLOGIES LIMITED\IDEA_PROJECTS\practice\2025-05-13\target\test-classes;C:\Users\abishekprabhu.kannan\OneDrive - HCL TECHNOLOGIES LIMITED\IDEA_PROJECTS\practice\2025-05-13\target\classes;C:\Users\abishekprabhu.kannan\.m2\repository\org\junit\jupiter\junit-jupiter\5.13.0-M3\junit-jupiter-5.13.0-M3.jar;C:\Users\abishekprabhu.kannan\.m2\repository\org\junit\jupiter\junit-jupiter-api\5.13.0-M3\junit-jupiter-api-5.13.0-M3.jar;C:\Users\abishekprabhu.kannan\.m2\repository\org\opentest4j\opentest4j\1.3.0\opentest4j-1.3.0.jar;C:\Users\abishekprabhu.kannan\.m2\repository\org\junit\platform\junit-platform-commons\1.13.0-M3\junit-platform-commons-1.13.0-M3.jar;C:\Users\abishekprabhu.kannan\.m2\repository\org\apiguardian\apiguardian-api\1.1.2\apiguardian-api-1.1.2.jar;C:\Users\abishekprabhu.kannan\.m2\repository\org\junit\jupiter\junit-jupiter-params\5.13.0-M3\junit-jupiter-params-5.13.0-M3.jar;C:\Users\abishekprabhu.kannan\.m2\repository\org\junit\jupiter\junit-jupiter-engine\5.13.0-M3\junit-jupiter-engine-5.13.0-M3.jar;C:\Users\abishekprabhu.kannan\.m2\repository\org\junit\platform\junit-platform-engine\1.13.0-M3\junit-platform-engine-1.13.0-M3.jar;C:\Users\abishekprabhu.kannan\.m2\repository\org\postgresql\postgresql\42.7.5\postgresql-42.7.5.jar;C:\Users\abishekprabhu.kannan\.m2\repository\org\checkerframework\checker-qual\3.48.3\checker-qual-3.48.3.jar;C:\Users\abishekprabhu.kannan\.m2\repository\com\zaxxer\HikariCP\5.1.0\HikariCP-5.1.0.jar;C:\Users\abishekprabhu.kannan\.m2\repository\org\slf4j\slf4j-api\1.7.36\slf4j-api-1.7.36.jar;"/>
    <property name="java.vm.vendor" value="Eclipse Adoptium"/>
    <property name="sun.arch.data.model" value="64"/>
    <property name="user.variant" value=""/>
    <property name="java.vendor.url" value="https://adoptium.net/"/>
    <property name="user.timezone" value="Asia/Calcutta"/>
    <property name="os.name" value="Windows 11"/>
    <property name="java.vm.specification.version" value="21"/>
    <property name="sun.java.launcher" value="SUN_STANDARD"/>
    <property name="user.country" value="US"/>
    <property name="sun.boot.library.path" value="C:\JAVA\JDK-21.0.4\bin"/>
    <property name="sun.java.command" value="C:\Users\abishekprabhu.kannan\AppData\Local\Temp\surefire10460997880184702239\surefirebooter-20250520231859574_3.jar C:\Users\abishekprabhu.kannan\AppData\Local\Temp\surefire10460997880184702239 2025-05-20T23-18-57_772-jvmRun1 surefire-20250520231859574_1tmp surefire_0-20250520231859574_2tmp"/>
    <property name="jdk.debug" value="release"/>
    <property name="surefire.test.class.path" value="C:\Users\abishekprabhu.kannan\OneDrive - HCL TECHNOLOGIES LIMITED\IDEA_PROJECTS\practice\2025-05-13\target\test-classes;C:\Users\abishekprabhu.kannan\OneDrive - HCL TECHNOLOGIES LIMITED\IDEA_PROJECTS\practice\2025-05-13\target\classes;C:\Users\abishekprabhu.kannan\.m2\repository\org\junit\jupiter\junit-jupiter\5.13.0-M3\junit-jupiter-5.13.0-M3.jar;C:\Users\abishekprabhu.kannan\.m2\repository\org\junit\jupiter\junit-jupiter-api\5.13.0-M3\junit-jupiter-api-5.13.0-M3.jar;C:\Users\abishekprabhu.kannan\.m2\repository\org\opentest4j\opentest4j\1.3.0\opentest4j-1.3.0.jar;C:\Users\abishekprabhu.kannan\.m2\repository\org\junit\platform\junit-platform-commons\1.13.0-M3\junit-platform-commons-1.13.0-M3.jar;C:\Users\abishekprabhu.kannan\.m2\repository\org\apiguardian\apiguardian-api\1.1.2\apiguardian-api-1.1.2.jar;C:\Users\abishekprabhu.kannan\.m2\repository\org\junit\jupiter\junit-jupiter-params\5.13.0-M3\junit-jupiter-params-5.13.0-M3.jar;C:\Users\abishekprabhu.kannan\.m2\repository\org\junit\jupiter\junit-jupiter-engine\5.13.0-M3\junit-jupiter-engine-5.13.0-M3.jar;C:\Users\abishekprabhu.kannan\.m2\repository\org\junit\platform\junit-platform-engine\1.13.0-M3\junit-platform-engine-1.13.0-M3.jar;C:\Users\abishekprabhu.kannan\.m2\repository\org\postgresql\postgresql\42.7.5\postgresql-42.7.5.jar;C:\Users\abishekprabhu.kannan\.m2\repository\org\checkerframework\checker-qual\3.48.3\checker-qual-3.48.3.jar;C:\Users\abishekprabhu.kannan\.m2\repository\com\zaxxer\HikariCP\5.1.0\HikariCP-5.1.0.jar;C:\Users\abishekprabhu.kannan\.m2\repository\org\slf4j\slf4j-api\1.7.36\slf4j-api-1.7.36.jar;"/>
    <property name="sun.cpu.endian" value="little"/>
    <property name="user.home" value="C:\Users\abishekprabhu.kannan"/>
    <property name="user.language" value="en"/>
    <property name="java.specification.vendor" value="Oracle Corporation"/>
    <property name="java.version.date" value="2024-07-16"/>
    <property name="java.home" value="C:\JAVA\JDK-21.0.4"/>
    <property name="file.separator" value="\"/>
    <property name="basedir" value="C:\Users\abishekprabhu.kannan\OneDrive - HCL TECHNOLOGIES LIMITED\IDEA_PROJECTS\practice\2025-05-13"/>
    <property name="java.vm.compressedOopsMode" value="Zero based"/>
    <property name="line.separator" value="&#10;"/>
    <property name="java.vm.specification.vendor" value="Oracle Corporation"/>
    <property name="java.specification.name" value="Java Platform API Specification"/>
    <property name="surefire.real.class.path" value="C:\Users\abishekprabhu.kannan\AppData\Local\Temp\surefire10460997880184702239\surefirebooter-20250520231859574_3.jar"/>
    <property name="user.script" value=""/>
    <property name="sun.management.compiler" value="HotSpot 64-Bit Tiered Compilers"/>
    <property name="java.runtime.version" value="21.0.4+7-LTS"/>
    <property name="user.name" value="abishekprabhu.kannan"/>
    <property name="stdout.encoding" value="Cp1252"/>
    <property name="path.separator" value=";"/>
    <property name="os.version" value="10.0"/>
    <property name="java.runtime.name" value="OpenJDK Runtime Environment"/>
    <property name="file.encoding" value="UTF-8"/>
    <property name="java.vm.name" value="OpenJDK 64-Bit Server VM"/>
    <property name="java.vendor.version" value="Temurin-21.0.4+7"/>
    <property name="localRepository" value="C:\Users\abishekprabhu.kannan\.m2\repository"/>
    <property name="java.vendor.url.bug" value="https://github.com/adoptium/adoptium-support/issues"/>
    <property name="java.io.tmpdir" value="C:\Users\ABISHE~1.KAN\AppData\Local\Temp\"/>
    <property name="idea.version" value="2025.1"/>
    <property name="com.zaxxer.hikari.pool_number" value="1"/>
    <property name="java.version" value="21.0.4"/>
    <property name="user.dir" value="C:\Users\abishekprabhu.kannan\OneDrive - HCL TECHNOLOGIES LIMITED\IDEA_PROJECTS\practice\2025-05-13"/>
    <property name="os.arch" value="amd64"/>
    <property name="java.vm.specification.name" value="Java Virtual Machine Specification"/>
    <property name="sun.os.patch.level" value=""/>
    <property name="native.encoding" value="Cp1252"/>
    <property name="java.library.path" value="C:\JAVA\JDK-21.0.4\bin;C:\Windows\Sun\Java\bin;C:\Windows\system32;C:\Windows;C:\Windows\system32;C:\Windows;C:\Windows\System32\Wbem;C:\Windows\System32\WindowsPowerShell\v1.0\;C:\Windows\System32\OpenSSH\;C:\Windows\CCM;C:\Users\abishekprabhu.kannan\AppData\Local\Microsoft\WindowsApps;C:\JAVA\JDK-21.0.4\bin;C:\Users\abishekprabhu.kannan\AppData\Local\Programs\Git\cmd;."/>
    <property name="java.vm.info" value="mixed mode, sharing"/>
    <property name="stderr.encoding" value="Cp1252"/>
    <property name="java.vendor" value="Eclipse Adoptium"/>
    <property name="java.vm.version" value="21.0.4+7-LTS"/>
    <property name="sun.io.unicode.encoding" value="UnicodeLittle"/>
    <property name="java.class.version" value="65.0"/>
  </properties>
  <testcase name="contextLoads" classname="ApplicationTest" time="2.322">
    <system-err><![CDATA[SLF4J: Failed to load class "org.slf4j.impl.StaticLoggerBinder".
SLF4J: Defaulting to no-operation (NOP) logger implementation
SLF4J: See http://www.slf4j.org/codes.html#StaticLoggerBinder for further details.
]]></system-err>
  </testcase>
</testsuite>